2024-11-29 17:02:25 - Starting JournalApplication using Java 21.0.5 with PID 1172 (D:\Redis\journalApp\target\classes started by nitin14.singh in D:\Redis\journalApp)
2024-11-29 17:02:25 - The following 1 profile is active: "dev"
2024-11-29 17:02:28 - Bootstrapping Spring Data JPA repositories in DEFAULT mode.
2024-11-29 17:02:28 - Finished Spring Data repository scanning in 147 ms. Found 2 JPA repository interfaces.
2024-11-29 17:02:29 - Initializing ProtocolHandler ["http-nio-8080"]
2024-11-29 17:02:29 - Starting service [Tomcat]
2024-11-29 17:02:29 - Starting Servlet engine: [Apache Tomcat/10.1.30]
2024-11-29 17:02:29 - Initializing Spring embedded WebApplicationContext
2024-11-29 17:02:30 - HHH000204: Processing PersistenceUnitInfo [name: default]
2024-11-29 17:02:30 - HHH000412: Hibernate ORM core version 6.5.3.Final
2024-11-29 17:02:30 - HHH000026: Second-level cache disabled
2024-11-29 17:02:31 - No LoadTimeWeaver setup: ignoring JPA class transformer
2024-11-29 17:02:31 - HikariPool-1 - Starting...
2024-11-29 17:02:31 - HikariPool-1 - Added connection com.mysql.cj.jdbc.ConnectionImpl@7aa15a80
2024-11-29 17:02:31 - HikariPool-1 - Start completed.
2024-11-29 17:02:33 - HHH000489: No JTA platform available (set 'hibernate.transaction.jta.platform' to enable JTA platform integration)
2024-11-29 17:02:33 - Initialized JPA EntityManagerFactory for persistence unit 'default'
2024-11-29 17:02:33 - spring.jpa.open-in-view is enabled by default. Therefore, database queries may be performed during view rendering. Explicitly configure spring.jpa.open-in-view to disable this warning
2024-11-29 17:02:33 - Global AuthenticationManager configured with an AuthenticationProvider bean. UserDetailsService beans will not be used for username/password login. Consider removing the AuthenticationProvider bean. Alternatively, consider using the UserDetailsService in a manually instantiated DaoAuthenticationProvider.
2024-11-29 17:02:34 - Starting ProtocolHandler ["http-nio-8080"]
2024-11-29 17:02:34 - Started JournalApplication in 10.076 seconds (process running for 11.083)
2024-11-29 17:03:32 - Initializing Spring DispatcherServlet 'dispatcherServlet'
2024-11-29 17:03:32 - Initializing Servlet 'dispatcherServlet'
2024-11-29 17:03:32 - Completed initialization in 2 ms
2024-11-29 17:03:33 - SQL Error: 1062, SQLState: 23000
2024-11-29 17:03:33 - Duplicate entry 'Ritesh Singh' for key 'users.UKr43af9ap4edm43mmtq01oddj6'
2024-11-29 17:03:33 - Error happened
org.springframework.dao.DataIntegrityViolationException: could not execute statement [Duplicate entry 'Ritesh Singh' for key 'users.UKr43af9ap4edm43mmtq01oddj6'] [insert into users (password,username) values (?,?)]; SQL [insert into users (password,username) values (?,?)]; constraint [users.UKr43af9ap4edm43mmtq01oddj6]
	at org.springframework.orm.jpa.vendor.HibernateJpaDialect.convertHibernateAccessException(HibernateJpaDialect.java:290)
	at org.springframework.orm.jpa.vendor.HibernateJpaDialect.translateExceptionIfPossible(HibernateJpaDialect.java:241)
	at org.springframework.orm.jpa.AbstractEntityManagerFactoryBean.translateExceptionIfPossible(AbstractEntityManagerFactoryBean.java:550)
	at org.springframework.dao.support.ChainedPersistenceExceptionTranslator.translateExceptionIfPossible(ChainedPersistenceExceptionTranslator.java:61)
	at org.springframework.dao.support.DataAccessUtils.translateIfNecessary(DataAccessUtils.java:335)
	at org.springframework.dao.support.PersistenceExceptionTranslationInterceptor.invoke(PersistenceExceptionTranslationInterceptor.java:160)
	at org.springframework.aop.framework.ReflectiveMethodInvocation.proceed(ReflectiveMethodInvocation.java:184)
	at org.springframework.data.jpa.repository.support.CrudMethodMetadataPostProcessor$CrudMethodMetadataPopulatingMethodInterceptor.invoke(CrudMethodMetadataPostProcessor.java:165)
	at org.springframework.aop.framework.ReflectiveMethodInvocation.proceed(ReflectiveMethodInvocation.java:184)
	at org.springframework.aop.interceptor.ExposeInvocationInterceptor.invoke(ExposeInvocationInterceptor.java:97)
	at org.springframework.aop.framework.ReflectiveMethodInvocation.proceed(ReflectiveMethodInvocation.java:184)
	at org.springframework.aop.framework.JdkDynamicAopProxy.invoke(JdkDynamicAopProxy.java:223)
	at jdk.proxy2/jdk.proxy2.$Proxy126.save(Unknown Source)
	at com.journal.journalApp.Service.UserService.createUser(UserService.java:38)
	at java.base/jdk.internal.reflect.DirectMethodHandleAccessor.invoke(DirectMethodHandleAccessor.java:103)
	at java.base/java.lang.reflect.Method.invoke(Method.java:580)
	at org.springframework.aop.support.AopUtils.invokeJoinpointUsingReflection(AopUtils.java:355)
	at org.springframework.aop.framework.CglibAopProxy$DynamicAdvisedInterceptor.intercept(CglibAopProxy.java:716)
	at com.journal.journalApp.Service.UserService$$SpringCGLIB$$0.createUser(<generated>)
	at com.journal.journalApp.Controller.PublicUser.createUser(PublicUser.java:16)
	at java.base/jdk.internal.reflect.DirectMethodHandleAccessor.invoke(DirectMethodHandleAccessor.java:103)
	at java.base/java.lang.reflect.Method.invoke(Method.java:580)
	at org.springframework.web.method.support.InvocableHandlerMethod.doInvoke(InvocableHandlerMethod.java:255)
	at org.springframework.web.method.support.InvocableHandlerMethod.invokeForRequest(InvocableHandlerMethod.java:188)
	at org.springframework.web.servlet.mvc.method.annotation.ServletInvocableHandlerMethod.invokeAndHandle(ServletInvocableHandlerMethod.java:118)
	at org.springframework.web.servlet.mvc.method.annotation.RequestMappingHandlerAdapter.invokeHandlerMethod(RequestMappingHandlerAdapter.java:926)
	at org.springframework.web.servlet.mvc.method.annotation.RequestMappingHandlerAdapter.handleInternal(RequestMappingHandlerAdapter.java:831)
	at org.springframework.web.servlet.mvc.method.AbstractHandlerMethodAdapter.handle(AbstractHandlerMethodAdapter.java:87)
	at org.springframework.web.servlet.DispatcherServlet.doDispatch(DispatcherServlet.java:1089)
	at org.springframework.web.servlet.DispatcherServlet.doService(DispatcherServlet.java:979)
	at org.springframework.web.servlet.FrameworkServlet.processRequest(FrameworkServlet.java:1014)
	at org.springframework.web.servlet.FrameworkServlet.doPost(FrameworkServlet.java:914)
	at jakarta.servlet.http.HttpServlet.service(HttpServlet.java:590)
	at org.springframework.web.servlet.FrameworkServlet.service(FrameworkServlet.java:885)
	at jakarta.servlet.http.HttpServlet.service(HttpServlet.java:658)
	at org.apache.catalina.core.ApplicationFilterChain.internalDoFilter(ApplicationFilterChain.java:195)
	at org.apache.catalina.core.ApplicationFilterChain.doFilter(ApplicationFilterChain.java:140)
	at org.apache.tomcat.websocket.server.WsFilter.doFilter(WsFilter.java:51)
	at org.apache.catalina.core.ApplicationFilterChain.internalDoFilter(ApplicationFilterChain.java:164)
	at org.apache.catalina.core.ApplicationFilterChain.doFilter(ApplicationFilterChain.java:140)
	at org.springframework.web.filter.CompositeFilter$VirtualFilterChain.doFilter(CompositeFilter.java:108)
	at org.springframework.security.web.FilterChainProxy.lambda$doFilterInternal$3(FilterChainProxy.java:231)
	at org.springframework.security.web.FilterChainProxy$VirtualFilterChain.doFilter(FilterChainProxy.java:365)
	at org.springframework.security.web.access.intercept.AuthorizationFilter.doFilter(AuthorizationFilter.java:100)
	at org.springframework.security.web.FilterChainProxy$VirtualFilterChain.doFilter(FilterChainProxy.java:374)
	at org.springframework.security.web.access.ExceptionTranslationFilter.doFilter(ExceptionTranslationFilter.java:126)
	at org.springframework.security.web.access.ExceptionTranslationFilter.doFilter(ExceptionTranslationFilter.java:120)
	at org.springframework.security.web.FilterChainProxy$VirtualFilterChain.doFilter(FilterChainProxy.java:374)
	at org.springframework.security.web.authentication.AnonymousAuthenticationFilter.doFilter(AnonymousAuthenticationFilter.java:100)
	at org.springframework.security.web.FilterChainProxy$VirtualFilterChain.doFilter(FilterChainProxy.java:374)
	at org.springframework.security.web.servletapi.SecurityContextHolderAwareRequestFilter.doFilter(SecurityContextHolderAwareRequestFilter.java:179)
	at org.springframework.security.web.FilterChainProxy$VirtualFilterChain.doFilter(FilterChainProxy.java:374)
	at org.springframework.security.web.savedrequest.RequestCacheAwareFilter.doFilter(RequestCacheAwareFilter.java:63)
	at org.springframework.security.web.FilterChainProxy$VirtualFilterChain.doFilter(FilterChainProxy.java:374)
	at org.springframework.security.web.authentication.www.BasicAuthenticationFilter.doFilterInternal(BasicAuthenticationFilter.java:181)
	at org.springframework.web.filter.OncePerRequestFilter.doFilter(OncePerRequestFilter.java:116)
	at org.springframework.security.web.FilterChainProxy$VirtualFilterChain.doFilter(FilterChainProxy.java:374)
	at org.springframework.security.web.authentication.logout.LogoutFilter.doFilter(LogoutFilter.java:107)
	at org.springframework.security.web.authentication.logout.LogoutFilter.doFilter(LogoutFilter.java:93)
	at org.springframework.security.web.FilterChainProxy$VirtualFilterChain.doFilter(FilterChainProxy.java:374)
	at org.springframework.security.web.header.HeaderWriterFilter.doHeadersAfter(HeaderWriterFilter.java:90)
	at org.springframework.security.web.header.HeaderWriterFilter.doFilterInternal(HeaderWriterFilter.java:75)
	at org.springframework.web.filter.OncePerRequestFilter.doFilter(OncePerRequestFilter.java:116)
	at org.springframework.security.web.FilterChainProxy$VirtualFilterChain.doFilter(FilterChainProxy.java:374)
	at org.springframework.security.web.context.SecurityContextHolderFilter.doFilter(SecurityContextHolderFilter.java:82)
	at org.springframework.security.web.context.SecurityContextHolderFilter.doFilter(SecurityContextHolderFilter.java:69)
	at org.springframework.security.web.FilterChainProxy$VirtualFilterChain.doFilter(FilterChainProxy.java:374)
	at org.springframework.security.web.context.request.async.WebAsyncManagerIntegrationFilter.doFilterInternal(WebAsyncManagerIntegrationFilter.java:62)
	at org.springframework.web.filter.OncePerRequestFilter.doFilter(OncePerRequestFilter.java:116)
	at org.springframework.security.web.FilterChainProxy$VirtualFilterChain.doFilter(FilterChainProxy.java:374)
	at org.springframework.security.web.session.DisableEncodeUrlFilter.doFilterInternal(DisableEncodeUrlFilter.java:42)
	at org.springframework.web.filter.OncePerRequestFilter.doFilter(OncePerRequestFilter.java:116)
	at org.springframework.security.web.FilterChainProxy$VirtualFilterChain.doFilter(FilterChainProxy.java:374)
	at org.springframework.security.web.FilterChainProxy.doFilterInternal(FilterChainProxy.java:233)
	at org.springframework.security.web.FilterChainProxy.doFilter(FilterChainProxy.java:191)
	at org.springframework.web.filter.CompositeFilter$VirtualFilterChain.doFilter(CompositeFilter.java:113)
	at org.springframework.web.servlet.handler.HandlerMappingIntrospector.lambda$createCacheFilter$3(HandlerMappingIntrospector.java:195)
	at org.springframework.web.filter.CompositeFilter$VirtualFilterChain.doFilter(CompositeFilter.java:113)
	at org.springframework.web.filter.CompositeFilter.doFilter(CompositeFilter.java:74)
	at org.springframework.security.config.annotation.web.configuration.WebMvcSecurityConfiguration$CompositeFilterChainProxy.doFilter(WebMvcSecurityConfiguration.java:230)
	at org.springframework.web.filter.DelegatingFilterProxy.invokeDelegate(DelegatingFilterProxy.java:352)
	at org.springframework.web.filter.DelegatingFilterProxy.doFilter(DelegatingFilterProxy.java:268)
	at org.apache.catalina.core.ApplicationFilterChain.internalDoFilter(ApplicationFilterChain.java:164)
	at org.apache.catalina.core.ApplicationFilterChain.doFilter(ApplicationFilterChain.java:140)
	at org.springframework.web.filter.RequestContextFilter.doFilterInternal(RequestContextFilter.java:100)
	at org.springframework.web.filter.OncePerRequestFilter.doFilter(OncePerRequestFilter.java:116)
	at org.apache.catalina.core.ApplicationFilterChain.internalDoFilter(ApplicationFilterChain.java:164)
	at org.apache.catalina.core.ApplicationFilterChain.doFilter(ApplicationFilterChain.java:140)
	at org.springframework.web.filter.FormContentFilter.doFilterInternal(FormContentFilter.java:93)
	at org.springframework.web.filter.OncePerRequestFilter.doFilter(OncePerRequestFilter.java:116)
	at org.apache.catalina.core.ApplicationFilterChain.internalDoFilter(ApplicationFilterChain.java:164)
	at org.apache.catalina.core.ApplicationFilterChain.doFilter(ApplicationFilterChain.java:140)
	at org.springframework.web.filter.CharacterEncodingFilter.doFilterInternal(CharacterEncodingFilter.java:201)
	at org.springframework.web.filter.OncePerRequestFilter.doFilter(OncePerRequestFilter.java:116)
	at org.apache.catalina.core.ApplicationFilterChain.internalDoFilter(ApplicationFilterChain.java:164)
	at org.apache.catalina.core.ApplicationFilterChain.doFilter(ApplicationFilterChain.java:140)
	at org.apache.catalina.core.StandardWrapperValve.invoke(StandardWrapperValve.java:167)
	at org.apache.catalina.core.StandardContextValve.invoke(StandardContextValve.java:90)
	at org.apache.catalina.authenticator.AuthenticatorBase.invoke(AuthenticatorBase.java:483)
	at org.apache.catalina.core.StandardHostValve.invoke(StandardHostValve.java:115)
	at org.apache.catalina.valves.ErrorReportValve.invoke(ErrorReportValve.java:93)
	at org.apache.catalina.core.StandardEngineValve.invoke(StandardEngineValve.java:74)
	at org.apache.catalina.connector.CoyoteAdapter.service(CoyoteAdapter.java:344)
	at org.apache.coyote.http11.Http11Processor.service(Http11Processor.java:384)
	at org.apache.coyote.AbstractProcessorLight.process(AbstractProcessorLight.java:63)
	at org.apache.coyote.AbstractProtocol$ConnectionHandler.process(AbstractProtocol.java:905)
	at org.apache.tomcat.util.net.NioEndpoint$SocketProcessor.doRun(NioEndpoint.java:1741)
	at org.apache.tomcat.util.net.SocketProcessorBase.run(SocketProcessorBase.java:52)
	at org.apache.tomcat.util.threads.ThreadPoolExecutor.runWorker(ThreadPoolExecutor.java:1190)
	at org.apache.tomcat.util.threads.ThreadPoolExecutor$Worker.run(ThreadPoolExecutor.java:659)
	at org.apache.tomcat.util.threads.TaskThread$WrappingRunnable.run(TaskThread.java:63)
	at java.base/java.lang.Thread.run(Thread.java:1583)
Caused by: org.hibernate.exception.ConstraintViolationException: could not execute statement [Duplicate entry 'Ritesh Singh' for key 'users.UKr43af9ap4edm43mmtq01oddj6'] [insert into users (password,username) values (?,?)]
	at org.hibernate.dialect.MySQLDialect.lambda$buildSQLExceptionConversionDelegate$3(MySQLDialect.java:1243)
	at org.hibernate.exception.internal.StandardSQLExceptionConverter.convert(StandardSQLExceptionConverter.java:58)
	at org.hibernate.engine.jdbc.spi.SqlExceptionHelper.convert(SqlExceptionHelper.java:108)
	at org.hibernate.engine.jdbc.internal.ResultSetReturnImpl.executeUpdate(ResultSetReturnImpl.java:197)
	at org.hibernate.id.insert.GetGeneratedKeysDelegate.performMutation(GetGeneratedKeysDelegate.java:116)
	at org.hibernate.engine.jdbc.mutation.internal.MutationExecutorSingleNonBatched.performNonBatchedOperations(MutationExecutorSingleNonBatched.java:47)
	at org.hibernate.engine.jdbc.mutation.internal.AbstractMutationExecutor.execute(AbstractMutationExecutor.java:55)
	at org.hibernate.persister.entity.mutation.InsertCoordinatorStandard.doStaticInserts(InsertCoordinatorStandard.java:194)
	at org.hibernate.persister.entity.mutation.InsertCoordinatorStandard.coordinateInsert(InsertCoordinatorStandard.java:132)
	at org.hibernate.persister.entity.mutation.InsertCoordinatorStandard.insert(InsertCoordinatorStandard.java:95)
	at org.hibernate.action.internal.EntityIdentityInsertAction.execute(EntityIdentityInsertAction.java:85)
	at org.hibernate.engine.spi.ActionQueue.execute(ActionQueue.java:671)
	at org.hibernate.engine.spi.ActionQueue.addResolvedEntityInsertAction(ActionQueue.java:292)
	at org.hibernate.engine.spi.ActionQueue.addInsertAction(ActionQueue.java:273)
	at org.hibernate.engine.spi.ActionQueue.addAction(ActionQueue.java:323)
	at org.hibernate.event.internal.AbstractSaveEventListener.addInsertAction(AbstractSaveEventListener.java:391)
	at org.hibernate.event.internal.AbstractSaveEventListener.performSaveOrReplicate(AbstractSaveEventListener.java:305)
	at org.hibernate.event.internal.AbstractSaveEventListener.performSave(AbstractSaveEventListener.java:224)
	at org.hibernate.event.internal.AbstractSaveEventListener.saveWithGeneratedId(AbstractSaveEventListener.java:137)
	at org.hibernate.event.internal.DefaultPersistEventListener.entityIsTransient(DefaultPersistEventListener.java:175)
	at org.hibernate.event.internal.DefaultPersistEventListener.persist(DefaultPersistEventListener.java:93)
	at org.hibernate.event.internal.DefaultPersistEventListener.onPersist(DefaultPersistEventListener.java:77)
	at org.hibernate.event.internal.DefaultPersistEventListener.onPersist(DefaultPersistEventListener.java:54)
	at org.hibernate.event.service.internal.EventListenerGroupImpl.fireEventOnEachListener(EventListenerGroupImpl.java:127)
	at org.hibernate.internal.SessionImpl.firePersist(SessionImpl.java:757)
	at org.hibernate.internal.SessionImpl.persist(SessionImpl.java:741)
	at java.base/jdk.internal.reflect.DirectMethodHandleAccessor.invoke(DirectMethodHandleAccessor.java:103)
	at java.base/java.lang.reflect.Method.invoke(Method.java:580)
	at org.springframework.orm.jpa.ExtendedEntityManagerCreator$ExtendedEntityManagerInvocationHandler.invoke(ExtendedEntityManagerCreator.java:364)
	at jdk.proxy2/jdk.proxy2.$Proxy122.persist(Unknown Source)
	at java.base/jdk.internal.reflect.DirectMethodHandleAccessor.invoke(DirectMethodHandleAccessor.java:103)
	at java.base/java.lang.reflect.Method.invoke(Method.java:580)
	at org.springframework.orm.jpa.SharedEntityManagerCreator$SharedEntityManagerInvocationHandler.invoke(SharedEntityManagerCreator.java:319)
	at jdk.proxy2/jdk.proxy2.$Proxy122.persist(Unknown Source)
	at org.springframework.data.jpa.repository.support.SimpleJpaRepository.save(SimpleJpaRepository.java:626)
	at java.base/jdk.internal.reflect.DirectMethodHandleAccessor.invoke(DirectMethodHandleAccessor.java:103)
	at java.base/java.lang.reflect.Method.invoke(Method.java:580)
	at org.springframework.aop.support.AopUtils.invokeJoinpointUsingReflection(AopUtils.java:355)
	at org.springframework.data.repository.core.support.RepositoryMethodInvoker$RepositoryFragmentMethodInvoker.lambda$new$0(RepositoryMethodInvoker.java:277)
	at org.springframework.data.repository.core.support.RepositoryMethodInvoker.doInvoke(RepositoryMethodInvoker.java:170)
	at org.springframework.data.repository.core.support.RepositoryMethodInvoker.invoke(RepositoryMethodInvoker.java:158)
	at org.springframework.data.repository.core.support.RepositoryComposition$RepositoryFragments.invoke(RepositoryComposition.java:516)
	at org.springframework.data.repository.core.support.RepositoryComposition.invoke(RepositoryComposition.java:285)
	at org.springframework.data.repository.core.support.RepositoryFactorySupport$ImplementationMethodExecutionInterceptor.invoke(RepositoryFactorySupport.java:628)
	at org.springframework.aop.framework.ReflectiveMethodInvocation.proceed(ReflectiveMethodInvocation.java:184)
	at org.springframework.data.repository.core.support.QueryExecutorMethodInterceptor.doInvoke(QueryExecutorMethodInterceptor.java:173)
	at org.springframework.data.repository.core.support.QueryExecutorMethodInterceptor.invoke(QueryExecutorMethodInterceptor.java:148)
	at org.springframework.aop.framework.ReflectiveMethodInvocation.proceed(ReflectiveMethodInvocation.java:184)
	at org.springframework.data.projection.DefaultMethodInvokingMethodInterceptor.invoke(DefaultMethodInvokingMethodInterceptor.java:70)
	at org.springframework.aop.framework.ReflectiveMethodInvocation.proceed(ReflectiveMethodInvocation.java:184)
	at org.springframework.transaction.interceptor.TransactionAspectSupport.invokeWithinTransaction(TransactionAspectSupport.java:379)
	at org.springframework.transaction.interceptor.TransactionInterceptor.invoke(TransactionInterceptor.java:119)
	at org.springframework.aop.framework.ReflectiveMethodInvocation.proceed(ReflectiveMethodInvocation.java:184)
	at org.springframework.dao.support.PersistenceExceptionTranslationInterceptor.invoke(PersistenceExceptionTranslationInterceptor.java:138)
	... 106 common frames omitted
Caused by: java.sql.SQLIntegrityConstraintViolationException: Duplicate entry 'Ritesh Singh' for key 'users.UKr43af9ap4edm43mmtq01oddj6'
	at com.mysql.cj.jdbc.exceptions.SQLError.createSQLException(SQLError.java:118)
	at com.mysql.cj.jdbc.exceptions.SQLExceptionsMapping.translateException(SQLExceptionsMapping.java:122)
	at com.mysql.cj.jdbc.ClientPreparedStatement.executeInternal(ClientPreparedStatement.java:916)
	at com.mysql.cj.jdbc.ClientPreparedStatement.executeUpdateInternal(ClientPreparedStatement.java:1061)
	at com.mysql.cj.jdbc.ClientPreparedStatement.executeUpdateInternal(ClientPreparedStatement.java:1009)
	at com.mysql.cj.jdbc.ClientPreparedStatement.executeLargeUpdate(ClientPreparedStatement.java:1320)
	at com.mysql.cj.jdbc.ClientPreparedStatement.executeUpdate(ClientPreparedStatement.java:994)
	at com.zaxxer.hikari.pool.ProxyPreparedStatement.executeUpdate(ProxyPreparedStatement.java:61)
	at com.zaxxer.hikari.pool.HikariProxyPreparedStatement.executeUpdate(HikariProxyPreparedStatement.java)
	at org.hibernate.engine.jdbc.internal.ResultSetReturnImpl.executeUpdate(ResultSetReturnImpl.java:194)
	... 156 common frames omitted
2024-11-29 17:04:25 - Closing JPA EntityManagerFactory for persistence unit 'default'
2024-11-29 17:04:25 - HikariPool-1 - Shutdown initiated...
2024-11-29 17:04:25 - HikariPool-1 - Shutdown completed.
2024-12-02 14:59:19 - Starting JournalApplication using Java 21.0.5 with PID 6572 (D:\Redis\journalApp\target\classes started by nitin14.singh in D:\Redis\journalApp)
2024-12-02 14:59:19 - The following 1 profile is active: "dev"
2024-12-02 14:59:21 - Bootstrapping Spring Data JPA repositories in DEFAULT mode.
2024-12-02 14:59:21 - Finished Spring Data repository scanning in 107 ms. Found 2 JPA repository interfaces.
2024-12-02 14:59:22 - Initializing ProtocolHandler ["http-nio-8080"]
2024-12-02 14:59:22 - Starting service [Tomcat]
2024-12-02 14:59:22 - Starting Servlet engine: [Apache Tomcat/10.1.30]
2024-12-02 14:59:22 - Initializing Spring embedded WebApplicationContext
2024-12-02 14:59:23 - HHH000204: Processing PersistenceUnitInfo [name: default]
2024-12-02 14:59:23 - HHH000412: Hibernate ORM core version 6.5.3.Final
2024-12-02 14:59:23 - HHH000026: Second-level cache disabled
2024-12-02 14:59:23 - No LoadTimeWeaver setup: ignoring JPA class transformer
2024-12-02 14:59:23 - HikariPool-1 - Starting...
2024-12-02 14:59:24 - HikariPool-1 - Added connection com.mysql.cj.jdbc.ConnectionImpl@7aa15a80
2024-12-02 14:59:24 - HikariPool-1 - Start completed.
2024-12-02 14:59:25 - HHH000489: No JTA platform available (set 'hibernate.transaction.jta.platform' to enable JTA platform integration)
2024-12-02 14:59:25 - Initialized JPA EntityManagerFactory for persistence unit 'default'
2024-12-02 14:59:26 - spring.jpa.open-in-view is enabled by default. Therefore, database queries may be performed during view rendering. Explicitly configure spring.jpa.open-in-view to disable this warning
2024-12-02 14:59:26 - Global AuthenticationManager configured with an AuthenticationProvider bean. UserDetailsService beans will not be used for username/password login. Consider removing the AuthenticationProvider bean. Alternatively, consider using the UserDetailsService in a manually instantiated DaoAuthenticationProvider.
2024-12-02 14:59:27 - Starting ProtocolHandler ["http-nio-8080"]
2024-12-02 14:59:27 - Started JournalApplication in 8.627 seconds (process running for 9.999)
2024-12-02 15:01:27 - Closing JPA EntityManagerFactory for persistence unit 'default'
2024-12-02 15:01:27 - HikariPool-1 - Shutdown initiated...
2024-12-02 15:01:27 - HikariPool-1 - Shutdown completed.
[2024-12-02 15:01:34][INFO ][main]o.s.b.StartupInfoLogger.logStarting  -SessionID: , UniqueID: , OperationID:  -MDCData:  -Trace: , Span: ,ApprovalRequestCode: , Zipkin: zipkin_IS_UNDEFINED -Service: MyApp_IS_UNDEFINED , Class: c.j.journalApp.JournalApplication   -Message: Starting JournalApplication using Java 21.0.5 with PID 22868 (D:\Redis\journalApp\target\classes started by nitin14.singh in D:\Redis\journalApp)
[2024-12-02 15:01:34][INFO ][main]o.s.b.SpringApplication.logStartupProfileInfo  -SessionID: , UniqueID: , OperationID:  -MDCData:  -Trace: , Span: ,ApprovalRequestCode: , Zipkin: zipkin_IS_UNDEFINED -Service: MyApp_IS_UNDEFINED , Class: c.j.journalApp.JournalApplication   -Message: The following 1 profile is active: "dev"
[2024-12-02 15:01:36][INFO ][main]o.s.d.r.c.RepositoryConfigurationDelegate.registerRepositoriesIn  -SessionID: , UniqueID: , OperationID:  -MDCData:  -Trace: , Span: ,ApprovalRequestCode: , Zipkin: zipkin_IS_UNDEFINED -Service: MyApp_IS_UNDEFINED , Class: o.s.d.r.c.RepositoryConfigurationDelegate   -Message: Bootstrapping Spring Data JPA repositories in DEFAULT mode.
[2024-12-02 15:01:36][INFO ][main]o.s.d.r.c.RepositoryConfigurationDelegate.registerRepositoriesIn  -SessionID: , UniqueID: , OperationID:  -MDCData:  -Trace: , Span: ,ApprovalRequestCode: , Zipkin: zipkin_IS_UNDEFINED -Service: MyApp_IS_UNDEFINED , Class: o.s.d.r.c.RepositoryConfigurationDelegate   -Message: Finished Spring Data repository scanning in 103 ms. Found 2 JPA repository interfaces.
[2024-12-02 15:01:37][INFO ][main]o.a.j.l.DirectJDKLog.log  -SessionID: , UniqueID: , OperationID:  -MDCData:  -Trace: , Span: ,ApprovalRequestCode: , Zipkin: zipkin_IS_UNDEFINED -Service: MyApp_IS_UNDEFINED , Class: o.a.coyote.http11.Http11NioProtocol   -Message: Initializing ProtocolHandler ["http-nio-8080"]
[2024-12-02 15:01:37][INFO ][main]o.a.j.l.DirectJDKLog.log  -SessionID: , UniqueID: , OperationID:  -MDCData:  -Trace: , Span: ,ApprovalRequestCode: , Zipkin: zipkin_IS_UNDEFINED -Service: MyApp_IS_UNDEFINED , Class: o.a.catalina.core.StandardService   -Message: Starting service [Tomcat]
[2024-12-02 15:01:37][INFO ][main]o.a.j.l.DirectJDKLog.log  -SessionID: , UniqueID: , OperationID:  -MDCData:  -Trace: , Span: ,ApprovalRequestCode: , Zipkin: zipkin_IS_UNDEFINED -Service: MyApp_IS_UNDEFINED , Class: o.a.catalina.core.StandardEngine   -Message: Starting Servlet engine: [Apache Tomcat/10.1.30]
[2024-12-02 15:01:37][INFO ][main]o.a.j.l.DirectJDKLog.log  -SessionID: , UniqueID: , OperationID:  -MDCData:  -Trace: , Span: ,ApprovalRequestCode: , Zipkin: zipkin_IS_UNDEFINED -Service: MyApp_IS_UNDEFINED , Class: o.a.c.c.C.[Tomcat].[localhost].[/]   -Message: Initializing Spring embedded WebApplicationContext
[2024-12-02 15:01:37][INFO ][main]o.h.j.i.u.LogHelper.logPersistenceUnitInformation  -SessionID: , UniqueID: , OperationID:  -MDCData:  -Trace: , Span: ,ApprovalRequestCode: , Zipkin: zipkin_IS_UNDEFINED -Service: MyApp_IS_UNDEFINED , Class: o.h.jpa.internal.util.LogHelper   -Message: HHH000204: Processing PersistenceUnitInfo [name: default]
[2024-12-02 15:01:37][INFO ][main]o.h.Version.logVersion  -SessionID: , UniqueID: , OperationID:  -MDCData:  -Trace: , Span: ,ApprovalRequestCode: , Zipkin: zipkin_IS_UNDEFINED -Service: MyApp_IS_UNDEFINED , Class: org.hibernate.Version   -Message: HHH000412: Hibernate ORM core version 6.5.3.Final
[2024-12-02 15:01:37][INFO ][main]o.h.c.i.RegionFactoryInitiator.initiateService  -SessionID: , UniqueID: , OperationID:  -MDCData:  -Trace: , Span: ,ApprovalRequestCode: , Zipkin: zipkin_IS_UNDEFINED -Service: MyApp_IS_UNDEFINED , Class: o.h.c.i.RegionFactoryInitiator   -Message: HHH000026: Second-level cache disabled
[2024-12-02 15:01:38][INFO ][main]o.s.o.j.p.SpringPersistenceUnitInfo.addTransformer  -SessionID: , UniqueID: , OperationID:  -MDCData:  -Trace: , Span: ,ApprovalRequestCode: , Zipkin: zipkin_IS_UNDEFINED -Service: MyApp_IS_UNDEFINED , Class: o.s.o.j.p.SpringPersistenceUnitInfo   -Message: No LoadTimeWeaver setup: ignoring JPA class transformer
[2024-12-02 15:01:38][INFO ][main]c.z.h.HikariDataSource.getConnection  -SessionID: , UniqueID: , OperationID:  -MDCData:  -Trace: , Span: ,ApprovalRequestCode: , Zipkin: zipkin_IS_UNDEFINED -Service: MyApp_IS_UNDEFINED , Class: com.zaxxer.hikari.HikariDataSource   -Message: HikariPool-1 - Starting...
[2024-12-02 15:01:38][INFO ][main]c.z.h.p.HikariPool.checkFailFast  -SessionID: , UniqueID: , OperationID:  -MDCData:  -Trace: , Span: ,ApprovalRequestCode: , Zipkin: zipkin_IS_UNDEFINED -Service: MyApp_IS_UNDEFINED , Class: com.zaxxer.hikari.pool.HikariPool   -Message: HikariPool-1 - Added connection com.mysql.cj.jdbc.ConnectionImpl@57b63253
[2024-12-02 15:01:38][INFO ][main]c.z.h.HikariDataSource.getConnection  -SessionID: , UniqueID: , OperationID:  -MDCData:  -Trace: , Span: ,ApprovalRequestCode: , Zipkin: zipkin_IS_UNDEFINED -Service: MyApp_IS_UNDEFINED , Class: com.zaxxer.hikari.HikariDataSource   -Message: HikariPool-1 - Start completed.
[2024-12-02 15:01:39][INFO ][main]o.h.e.t.j.p.i.JtaPlatformInitiator.initiateService  -SessionID: , UniqueID: , OperationID:  -MDCData:  -Trace: , Span: ,ApprovalRequestCode: , Zipkin: zipkin_IS_UNDEFINED -Service: MyApp_IS_UNDEFINED , Class: o.h.e.t.j.p.i.JtaPlatformInitiator   -Message: HHH000489: No JTA platform available (set 'hibernate.transaction.jta.platform' to enable JTA platform integration)
[2024-12-02 15:01:39][INFO ][main]o.s.o.j.AbstractEntityManagerFactoryBean.buildNativeEntityManagerFactory  -SessionID: , UniqueID: , OperationID:  -MDCData:  -Trace: , Span: ,ApprovalRequestCode: , Zipkin: zipkin_IS_UNDEFINED -Service: MyApp_IS_UNDEFINED , Class: o.s.o.j.LocalContainerEntityManagerFactoryBean   -Message: Initialized JPA EntityManagerFactory for persistence unit 'default'
[2024-12-02 15:01:40][WARN ][main]o.s.b.a.o.j.JpaBaseConfiguration$JpaWebConfiguration.openEntityManagerInViewInterceptor  -SessionID: , UniqueID: , OperationID:  -MDCData:  -Trace: , Span: ,ApprovalRequestCode: , Zipkin: zipkin_IS_UNDEFINED -Service: MyApp_IS_UNDEFINED , Class: o.s.b.a.o.j.JpaBaseConfiguration$JpaWebConfiguration   -Message: spring.jpa.open-in-view is enabled by default. Therefore, database queries may be performed during view rendering. Explicitly configure spring.jpa.open-in-view to disable this warning
[2024-12-02 15:01:40][WARN ][main]o.s.s.c.a.a.c.InitializeUserDetailsBeanManagerConfigurer$InitializeUserDetailsManagerConfigurer.configure  -SessionID: , UniqueID: , OperationID:  -MDCData:  -Trace: , Span: ,ApprovalRequestCode: , Zipkin: zipkin_IS_UNDEFINED -Service: MyApp_IS_UNDEFINED , Class: o.s.s.c.a.a.c.InitializeUserDetailsBeanManagerConfigurer$InitializeUserDetailsManagerConfigurer   -Message: Global AuthenticationManager configured with an AuthenticationProvider bean. UserDetailsService beans will not be used for username/password login. Consider removing the AuthenticationProvider bean. Alternatively, consider using the UserDetailsService in a manually instantiated DaoAuthenticationProvider.
[2024-12-02 15:01:41][INFO ][main]o.a.j.l.DirectJDKLog.log  -SessionID: , UniqueID: , OperationID:  -MDCData:  -Trace: , Span: ,ApprovalRequestCode: , Zipkin: zipkin_IS_UNDEFINED -Service: MyApp_IS_UNDEFINED , Class: o.a.coyote.http11.Http11NioProtocol   -Message: Starting ProtocolHandler ["http-nio-8080"]
[2024-12-02 15:01:41][INFO ][main]o.s.b.StartupInfoLogger.logStarted  -SessionID: , UniqueID: , OperationID:  -MDCData:  -Trace: , Span: ,ApprovalRequestCode: , Zipkin: zipkin_IS_UNDEFINED -Service: MyApp_IS_UNDEFINED , Class: c.j.journalApp.JournalApplication   -Message: Started JournalApplication in 7.388 seconds (process running for 8.366)
[2024-12-02 15:07:08][INFO ][SpringApplicationShutdownHook]o.s.o.j.AbstractEntityManagerFactoryBean.destroy  -SessionID: , UniqueID: , OperationID:  -MDCData:  -Trace: , Span: ,ApprovalRequestCode: , Zipkin: zipkin_IS_UNDEFINED -Service: MyApp_IS_UNDEFINED , Class: o.s.o.j.LocalContainerEntityManagerFactoryBean   -Message: Closing JPA EntityManagerFactory for persistence unit 'default'
[2024-12-02 15:07:08][INFO ][SpringApplicationShutdownHook]c.z.h.HikariDataSource.close  -SessionID: , UniqueID: , OperationID:  -MDCData:  -Trace: , Span: ,ApprovalRequestCode: , Zipkin: zipkin_IS_UNDEFINED -Service: MyApp_IS_UNDEFINED , Class: com.zaxxer.hikari.HikariDataSource   -Message: HikariPool-1 - Shutdown initiated...
[2024-12-02 15:07:08][INFO ][SpringApplicationShutdownHook]c.z.h.HikariDataSource.close  -SessionID: , UniqueID: , OperationID:  -MDCData:  -Trace: , Span: ,ApprovalRequestCode: , Zipkin: zipkin_IS_UNDEFINED -Service: MyApp_IS_UNDEFINED , Class: com.zaxxer.hikari.HikariDataSource   -Message: HikariPool-1 - Shutdown completed.
2024-12-02 15:10:37 - Starting JournalApplication using Java 21.0.5 with PID 23704 (D:\Redis\journalApp\target\classes started by nitin14.singh in D:\Redis\journalApp)
2024-12-02 15:10:37 - The following 1 profile is active: "dev"
2024-12-02 15:10:39 - Bootstrapping Spring Data JPA repositories in DEFAULT mode.
2024-12-02 15:10:39 - Finished Spring Data repository scanning in 157 ms. Found 2 JPA repository interfaces.
2024-12-02 15:10:41 - Initializing ProtocolHandler ["http-nio-8080"]
2024-12-02 15:10:41 - Starting service [Tomcat]
2024-12-02 15:10:41 - Starting Servlet engine: [Apache Tomcat/10.1.30]
2024-12-02 15:10:41 - Initializing Spring embedded WebApplicationContext
2024-12-02 15:10:41 - HHH000204: Processing PersistenceUnitInfo [name: default]
2024-12-02 15:10:42 - HHH000412: Hibernate ORM core version 6.5.3.Final
2024-12-02 15:10:42 - HHH000026: Second-level cache disabled
2024-12-02 15:10:42 - No LoadTimeWeaver setup: ignoring JPA class transformer
2024-12-02 15:10:42 - HikariPool-1 - Starting...
2024-12-02 15:10:43 - HikariPool-1 - Added connection com.mysql.cj.jdbc.ConnectionImpl@79b8ecb
2024-12-02 15:10:43 - HikariPool-1 - Start completed.
2024-12-02 15:10:45 - HHH000489: No JTA platform available (set 'hibernate.transaction.jta.platform' to enable JTA platform integration)
2024-12-02 15:10:45 - Initialized JPA EntityManagerFactory for persistence unit 'default'
2024-12-02 15:10:46 - spring.jpa.open-in-view is enabled by default. Therefore, database queries may be performed during view rendering. Explicitly configure spring.jpa.open-in-view to disable this warning
2024-12-02 15:10:46 - Global AuthenticationManager configured with an AuthenticationProvider bean. UserDetailsService beans will not be used for username/password login. Consider removing the AuthenticationProvider bean. Alternatively, consider using the UserDetailsService in a manually instantiated DaoAuthenticationProvider.
2024-12-02 15:10:47 - Starting ProtocolHandler ["http-nio-8080"]
2024-12-02 15:10:47 - Started JournalApplication in 10.367 seconds (process running for 11.324)
2024-12-02 15:13:32 - Initializing Spring DispatcherServlet 'dispatcherServlet'
2024-12-02 15:13:32 - Initializing Servlet 'dispatcherServlet'
2024-12-02 15:13:32 - Completed initialization in 2 ms
2024-12-02 15:26:42 - Closing JPA EntityManagerFactory for persistence unit 'default'
2024-12-02 15:26:42 - HikariPool-1 - Shutdown initiated...
2024-12-02 15:26:42 - HikariPool-1 - Shutdown completed.
2024-12-02 15:26:48 - Starting JournalApplication using Java 21.0.5 with PID 10328 (D:\Redis\journalApp\target\classes started by nitin14.singh in D:\Redis\journalApp)
2024-12-02 15:26:48 - The following 1 profile is active: "dev"
2024-12-02 15:26:49 - Bootstrapping Spring Data JPA repositories in DEFAULT mode.
2024-12-02 15:26:49 - Finished Spring Data repository scanning in 106 ms. Found 2 JPA repository interfaces.
2024-12-02 15:26:50 - Initializing ProtocolHandler ["http-nio-8080"]
2024-12-02 15:26:50 - Starting service [Tomcat]
2024-12-02 15:26:50 - Starting Servlet engine: [Apache Tomcat/10.1.30]
2024-12-02 15:26:50 - Initializing Spring embedded WebApplicationContext
2024-12-02 15:26:50 - HHH000204: Processing PersistenceUnitInfo [name: default]
2024-12-02 15:26:50 - HHH000412: Hibernate ORM core version 6.5.3.Final
2024-12-02 15:26:50 - HHH000026: Second-level cache disabled
2024-12-02 15:26:51 - No LoadTimeWeaver setup: ignoring JPA class transformer
2024-12-02 15:26:51 - HikariPool-1 - Starting...
2024-12-02 15:26:51 - HikariPool-1 - Added connection com.mysql.cj.jdbc.ConnectionImpl@7742a276
2024-12-02 15:26:51 - HikariPool-1 - Start completed.
2024-12-02 15:26:52 - HHH000489: No JTA platform available (set 'hibernate.transaction.jta.platform' to enable JTA platform integration)
2024-12-02 15:26:53 - Initialized JPA EntityManagerFactory for persistence unit 'default'
2024-12-02 15:26:53 - spring.jpa.open-in-view is enabled by default. Therefore, database queries may be performed during view rendering. Explicitly configure spring.jpa.open-in-view to disable this warning
2024-12-02 15:26:53 - Global AuthenticationManager configured with an AuthenticationProvider bean. UserDetailsService beans will not be used for username/password login. Consider removing the AuthenticationProvider bean. Alternatively, consider using the UserDetailsService in a manually instantiated DaoAuthenticationProvider.
2024-12-02 15:26:54 - Starting ProtocolHandler ["http-nio-8080"]
2024-12-02 15:26:54 - Started JournalApplication in 6.693 seconds (process running for 7.231)
2024-12-02 15:26:54 - Application run failed
java.lang.NullPointerException: Cannot invoke "org.springframework.security.core.Authentication.isAuthenticated()" because "authentication" is null
	at com.journal.journalApp.Service.UserService.GreetUser(UserService.java:35)
	at com.journal.journalApp.Controller.UserController.GreetUser(UserController.java:23)
	at java.base/jdk.internal.reflect.DirectMethodHandleAccessor.invoke(DirectMethodHandleAccessor.java:103)
	at java.base/java.lang.reflect.Method.invoke(Method.java:580)
	at org.springframework.context.event.ApplicationListenerMethodAdapter.doInvoke(ApplicationListenerMethodAdapter.java:365)
	at org.springframework.context.event.ApplicationListenerMethodAdapter.processEvent(ApplicationListenerMethodAdapter.java:237)
	at org.springframework.context.event.ApplicationListenerMethodAdapter.onApplicationEvent(ApplicationListenerMethodAdapter.java:168)
	at org.springframework.context.event.SimpleApplicationEventMulticaster.doInvokeListener(SimpleApplicationEventMulticaster.java:185)
	at org.springframework.context.event.SimpleApplicationEventMulticaster.invokeListener(SimpleApplicationEventMulticaster.java:178)
	at org.springframework.context.event.SimpleApplicationEventMulticaster.multicastEvent(SimpleApplicationEventMulticaster.java:156)
	at org.springframework.context.support.AbstractApplicationContext.publishEvent(AbstractApplicationContext.java:452)
	at org.springframework.context.support.AbstractApplicationContext.publishEvent(AbstractApplicationContext.java:385)
	at org.springframework.boot.context.event.EventPublishingRunListener.ready(EventPublishingRunListener.java:109)
	at org.springframework.boot.SpringApplicationRunListeners.lambda$ready$6(SpringApplicationRunListeners.java:80)
	at java.base/java.lang.Iterable.forEach(Iterable.java:75)
	at org.springframework.boot.SpringApplicationRunListeners.doWithListeners(SpringApplicationRunListeners.java:118)
	at org.springframework.boot.SpringApplicationRunListeners.doWithListeners(SpringApplicationRunListeners.java:112)
	at org.springframework.boot.SpringApplicationRunListeners.ready(SpringApplicationRunListeners.java:80)
	at org.springframework.boot.SpringApplication.run(SpringApplication.java:349)
	at org.springframework.boot.SpringApplication.run(SpringApplication.java:1363)
	at org.springframework.boot.SpringApplication.run(SpringApplication.java:1352)
	at com.journal.journalApp.JournalApplication.main(JournalApplication.java:20)
2024-12-02 15:26:54 - Stopping ProtocolHandler ["http-nio-8080"]
2024-12-02 15:26:54 - Closing JPA EntityManagerFactory for persistence unit 'default'
2024-12-02 15:26:54 - HikariPool-1 - Shutdown initiated...
2024-12-02 15:26:54 - HikariPool-1 - Shutdown completed.
